<?xml version="1.0" encoding="UTF-8"?>
<testng-results ignored="0" total="1" passed="1" failed="0" skipped="0">
  <reporter-output>
  </reporter-output>
  <suite started-at="2024-04-18T11:13:26 IST" name="Default suite" finished-at="2024-04-18T11:15:30 IST" duration-ms="123984">
    <groups>
    </groups>
    <test started-at="2024-04-18T11:13:26 IST" name="Default test" finished-at="2024-04-18T11:15:30 IST" duration-ms="123984">
      <class name="finaltest.bikerentals">
        <test-method is-config="true" signature="t1()[pri:0, instance:finaltest.bikerentals@22555ebf]" started-at="2024-04-18T11:13:26 IST" name="t1" finished-at="2024-04-18T11:13:36 IST" duration-ms="9995" status="PASS">
          <reporter-output>
          </reporter-output>
        </test-method> <!-- t1 -->
        <test-method signature="test1()[pri:0, instance:finaltest.bikerentals@22555ebf]" started-at="2024-04-18T11:13:36 IST" name="test1" finished-at="2024-04-18T11:15:30 IST" duration-ms="113935" status="PASS">
          <reporter-output>
          </reporter-output>
        </test-method> <!-- test1 -->
      </class> <!-- finaltest.bikerentals -->
    </test> <!-- Default test -->
  </suite> <!-- Default suite -->
</testng-results>
